2026-03-18 14:34:45,671 - graph_transform - INFO - Starting training...
2026-03-18 14:34:45,671 - graph_transform - INFO - Config: {'model': {'hidden_dim': 128, 'num_attention_heads': 8, 'dropout': 0.1, 'leaky_relu_slope': 0.2, 'use_edge_features': True, 'edge_dim': 32, 'concat_heads': True, 'num_gcn_layers': 3, 'num_gat_layers': 2, 'num_hierarchical_layers': 2, 'max_seq_len': 64, 'alphabet': '#ABCDEFGHIKLMNOPQRSTVWXYZ', 'pad_char': '#', 'aa_embedding_dim': 32, 'position_embedding_dim': 16, 'physicochemical_dim': 16, 'num_physicochemical_features': 4, 'num_state_features': 3, 'num_env_features': 2, 'edge_types': ['sequence', 'distance', 'functional', 'long_range', 'global'], 'edge_embedding_dim': 16, 'distance_embedding_dim': 16, 'max_distance': 10, 'use_long_range_edges': True, 'long_range_stride': 10, 'long_range_hops': 1, 'use_global_node': True, 'num_classes': 1, 'aggregator_type': 'mean', 'diffusion_steps': 3, 'num_attention_types': 3}, 'training': {'epochs': 2, 'batch_size': 16, 'learning_rate': 0.001, 'weight_decay': 0.0001, 'gradient_clip_norm': 1.0, 'scheduler': 'cosine', 'warmup_epochs': 1, 'min_lr': 1e-05, 'early_stopping': False, 'patience': 5, 'min_delta': 0.0, 'validation_split': 0.2, 'validation_interval': 1, 'save_interval': 1, 'save_best_only': False, 'checkpoint_dir': 'mini_ghtrans/checkpoints', 'log_interval': 1}, 'data': {'train_csv_path': 'mini_ghtrans/mini_data/train.mini.multi.csv', 'test_csv_path': 'mini_ghtrans/mini_data/test.mini.multi.csv', 'val_csv_path': None, 'max_seq_len': 64, 'graph_strategy': 'distance', 'augmentation': False, 'cache_graphs': True, 'cache_dir': 'mini_ghtrans/cache/graph_data', 'rebuild_cache': False, 'cache_full_graphs': False, 'augmentation_prob': 0.0, 'max_augmentation_trials': 0, 'num_workers': 0, 'pin_memory': False, 'drop_last': False, 'use_class_weights': False, 'focal_loss_alpha': 0.25, 'focal_loss_gamma': 2.0}, 'loss': {'main_loss': 'binary_cross_entropy', 'use_auxiliary_losses': False, 'auxiliary_loss_weights': {'focal': 0.5, 'dice': 0.3, 'l2_regularization': 0.1}, 'handle_imbalance': False, 'imbalance_strategy': 'weighted', 'pos_weight': None}, 'optimizer': {'type': 'adamw', 'betas': [0.9, 0.999], 'eps': '1e-8', 'momentum': 0.9, 'nesterov': True, 'step_size': 30, 'gamma': 0.1, 't_max': 100, 'eta_min': 0.0}, 'evaluation': {'metrics': ['accuracy', 'precision', 'recall', 'f1', 'auc', 'hamming_loss'], 'threshold': 0.5, 'threshold_strategy': 'fixed', 'eval_interval': 1, 'test_time_augmentation': False, 'ensemble_predictions': False, 'num_ensemble_models': 1}, 'device': {'auto_detect': True, 'device_type': 'cpu', 'gpu_id': 0, 'use_amp': False, 'amp_backend': 'native'}, 'logging': {'level': 'INFO', 'log_dir': 'mini_ghtrans/logs', 'log_file': 'training.log', 'use_tensorboard': False, 'tensorboard_log_dir': 'mini_ghtrans/tensorboard', 'log_interval': 1, 'save_graph_interval': 1}, 'experiment': {'name': 'mini_ghtrans_debug', 'version': 'v1.0', 'description': 'mini_ghtrans minimal end-to-end validation with detailed timing logs', 'seed': 42, 'deterministic': False, 'benchmark': False}, 'advanced': {'use_ensemble': False, 'ensemble_methods': ['voting', 'averaging', 'stacking'], 'hyperparameter_search': False, 'search_method': 'grid', 'distributed': False, 'backend': 'nccl', 'quantization': False, 'quantization_method': 'dynamic', 'distillation': False, 'teacher_model_path': None, 'distillation_alpha': 0.5, 'distillation_temperature': 4.0}, 'performance': {'gradient_checkpointing': False, 'use_efficient_attention': False, 'max_memory_usage': '4GB', 'compile_model': False, 'use_torch_compile': False, 'prefetch_factor': 2, 'persistent_workers': False}, 'debug': {'debug_mode': True, 'check_gradients': False, 'check_nan_inf': False, 'save_attention_weights': False, 'save_graph_structures': False, 'visualize_predictions': False, 'profile_memory': False, 'profile_time': True}}
2026-03-18 14:34:45,672 - graph_transform - INFO - Using CPU device
2026-03-18 14:34:45,672 - graph_transform - INFO - Using device: cpu
2026-03-18 14:34:45,699 - graph_transform - INFO - Created model with 419089 parameters
2026-03-18 14:34:45,875 - graph_transform - INFO - Dataset creation time: 0.1744s
2026-03-18 14:34:45,875 - graph_transform - INFO - Dataset Statistics:
2026-03-18 14:34:45,875 - graph_transform - INFO - Training samples: 51
2026-03-18 14:34:45,875 - graph_transform - INFO - Validation samples: 13
2026-03-18 14:34:45,875 - graph_transform - INFO - Test samples: 20
2026-03-18 14:34:45,875 - graph_transform - INFO - Dataloader creation time: 0.0004s
2026-03-18 14:34:45,875 - graph_transform - INFO - Dataloader params - batch_size: 16, num_workers: 0, pin_memory: False, drop_last: False
2026-03-18 14:34:45,877 - graph_transform - INFO - Training samples: 51
2026-03-18 14:34:45,877 - graph_transform - INFO - Validation samples: 13
2026-03-18 14:34:45,877 - graph_transform - INFO - Test samples: 20
2026-03-18 14:34:48,556 - graph_transform - INFO - Starting training loop...
2026-03-18 14:34:48,558 - graph_transform - INFO - Checkpoint dir: mini_ghtrans/checkpoints\20260318_143448
2026-03-18 14:34:48,558 - graph_transform - INFO - Epoch 1/2
2026-03-18 14:34:49,176 - graph_transform - INFO - Epoch 1 Batch 0 Timing - fetch_wait: 0.0120s, move: 0.0000s, forward: 0.3193s, backward+opt: 0.2844s, total: 0.6037s, loss: 0.8202
2026-03-18 14:34:49,704 - graph_transform - INFO - Epoch 1 Batch 1 Timing - fetch_wait: 0.0097s, move: 0.0000s, forward: 0.2725s, backward+opt: 0.2461s, total: 0.5186s, loss: 0.8089
2026-03-18 14:34:50,260 - graph_transform - INFO - Epoch 1 Batch 2 Timing - fetch_wait: 0.0100s, move: 0.0000s, forward: 0.2812s, backward+opt: 0.2643s, total: 0.5456s, loss: 0.8134
2026-03-18 14:34:50,366 - graph_transform - INFO - Epoch 1 Batch 3 Timing - fetch_wait: 0.0042s, move: 0.0000s, forward: 0.0541s, backward+opt: 0.0476s, total: 0.1017s, loss: 0.7816
2026-03-18 14:34:50,399 - graph_transform - INFO - Epoch 1 Training - Loss: 0.8060, AvgBatch: 0.4424s, Move: 0.0000s, Forward: 0.2318s, Backward: 0.2106s
2026-03-18 14:34:50,399 - graph_transform - INFO - Epoch 1 Training Metrics - accuracy: 0.4895, precision: 0.4992, recall: 0.4992, f1: 0.4880, precision_micro: 0.4895, recall_micro: 0.4895, f1_micro: 0.4895, hamming_loss: 0.5105, jaccard: 0.3232, auc_macro: 0.5110, auc_micro: 0.5110, auc_weighted: 0.5110, class_0_precision: 0.5463, class_0_recall: 0.3971, class_0_f1: 0.4599, avg_move_time: 0.0000, avg_forward_time: 0.2318, avg_backward_time: 0.2106, avg_batch_time: 0.4424
2026-03-18 14:34:50,399 - graph_transform - INFO - Train - Loss: 0.8060, F1: 0.4880
2026-03-18 14:34:50,587 - graph_transform - INFO - Evaluation - Loss: 0.7081
2026-03-18 14:34:50,587 - graph_transform - INFO - Evaluation Metrics - accuracy: 0.6068, precision: 0.3034, recall: 0.5000, f1: 0.3777, precision_micro: 0.6068, recall_micro: 0.6068, f1_micro: 0.6068, hamming_loss: 0.3932, jaccard: 0.3034, auc_macro: 0.4466, auc_micro: 0.4466, auc_weighted: 0.4466, class_0_precision: 0.0000, class_0_recall: 0.0000, class_0_f1: 0.0000
2026-03-18 14:34:50,587 - graph_transform - INFO - Val - Loss: 0.7081, F1: 0.3777
2026-03-18 14:34:50,642 - graph_transform - INFO - Saved best model with F1: 0.3777
2026-03-18 14:34:50,667 - graph_transform - INFO - Saved checkpoint at epoch 1
2026-03-18 14:34:50,667 - graph_transform - INFO - Epoch 1 wall time: 2.1089s
2026-03-18 14:34:50,667 - graph_transform - INFO - Epoch 2/2
2026-03-18 14:34:51,202 - graph_transform - INFO - Epoch 2 Batch 0 Timing - fetch_wait: 0.0066s, move: 0.0000s, forward: 0.2769s, backward+opt: 0.2506s, total: 0.5276s, loss: 0.8558
2026-03-18 14:34:51,747 - graph_transform - INFO - Epoch 2 Batch 1 Timing - fetch_wait: 0.0147s, move: 0.0000s, forward: 0.2744s, backward+opt: 0.2550s, total: 0.5295s, loss: 0.8885
2026-03-18 14:34:52,286 - graph_transform - INFO - Epoch 2 Batch 2 Timing - fetch_wait: 0.0147s, move: 0.0000s, forward: 0.2727s, backward+opt: 0.2517s, total: 0.5244s, loss: 1.1624
2026-03-18 14:34:52,381 - graph_transform - INFO - Epoch 2 Batch 3 Timing - fetch_wait: 0.0115s, move: 0.0000s, forward: 0.0417s, backward+opt: 0.0427s, total: 0.0845s, loss: 1.1859
2026-03-18 14:34:52,411 - graph_transform - INFO - Epoch 2 Training - Loss: 1.0232, AvgBatch: 0.4165s, Move: 0.0000s, Forward: 0.2164s, Backward: 0.2000s
2026-03-18 14:34:52,411 - graph_transform - INFO - Epoch 2 Training Metrics - accuracy: 0.5004, precision: 0.4652, recall: 0.4749, f1: 0.4457, precision_micro: 0.5004, recall_micro: 0.5004, f1_micro: 0.5004, hamming_loss: 0.4996, jaccard: 0.3031, auc_macro: 0.4467, auc_micro: 0.4467, auc_weighted: 0.4467, class_0_precision: 0.5311, class_0_recall: 0.7441, class_0_f1: 0.6198, avg_move_time: 0.0000, avg_forward_time: 0.2164, avg_backward_time: 0.2000, avg_batch_time: 0.4165
2026-03-18 14:34:52,411 - graph_transform - INFO - Train - Loss: 1.0232, F1: 0.4457
2026-03-18 14:34:52,595 - graph_transform - INFO - Evaluation - Loss: 1.9061
2026-03-18 14:34:52,595 - graph_transform - INFO - Evaluation Metrics - accuracy: 0.3932, precision: 0.1966, recall: 0.5000, f1: 0.2822, precision_micro: 0.3932, recall_micro: 0.3932, f1_micro: 0.3932, hamming_loss: 0.6068, jaccard: 0.1966, auc_macro: 0.5562, auc_micro: 0.5562, auc_weighted: 0.5562, class_0_precision: 0.3932, class_0_recall: 1.0000, class_0_f1: 0.5644
2026-03-18 14:34:52,597 - graph_transform - INFO - Val - Loss: 1.9061, F1: 0.2822
2026-03-18 14:34:52,597 - graph_transform - INFO - No improvement for 1 epoch(s)
2026-03-18 14:34:52,625 - graph_transform - INFO - Saved checkpoint at epoch 2
2026-03-18 14:34:52,625 - graph_transform - INFO - Epoch 2 wall time: 1.9576s
2026-03-18 14:34:52,626 - graph_transform - INFO - Starting final evaluation on test set...
2026-03-18 14:34:52,917 - graph_transform - INFO - Evaluation - Loss: 0.7242
2026-03-18 14:34:52,917 - graph_transform - INFO - Evaluation Metrics - accuracy: 0.6986, precision: 0.3493, recall: 0.5000, f1: 0.4113, precision_micro: 0.6986, recall_micro: 0.6986, f1_micro: 0.6986, hamming_loss: 0.3014, jaccard: 0.3493, auc_macro: 0.5216, auc_micro: 0.5216, auc_weighted: 0.5216, class_0_precision: 0.6986, class_0_recall: 1.0000, class_0_f1: 0.8225
2026-03-18 14:34:52,918 - graph_transform - INFO - Test - Loss: 0.7242, F1: 0.4113
2026-03-18 14:34:52,918 - graph_transform - INFO - Training completed in 7.2466s
2026-03-18 14:35:36,931 - graph_transform - INFO - Starting training...
2026-03-18 14:35:36,931 - graph_transform - INFO - Config: {'model': {'hidden_dim': 128, 'num_attention_heads': 8, 'dropout': 0.1, 'leaky_relu_slope': 0.2, 'use_edge_features': True, 'edge_dim': 32, 'concat_heads': True, 'num_gcn_layers': 3, 'num_gat_layers': 2, 'num_hierarchical_layers': 2, 'max_seq_len': 64, 'alphabet': '#ABCDEFGHIKLMNOPQRSTVWXYZ', 'pad_char': '#', 'aa_embedding_dim': 32, 'position_embedding_dim': 16, 'physicochemical_dim': 16, 'num_physicochemical_features': 4, 'num_state_features': 3, 'num_env_features': 2, 'edge_types': ['sequence', 'distance', 'functional', 'long_range', 'global'], 'edge_embedding_dim': 16, 'distance_embedding_dim': 16, 'max_distance': 10, 'use_long_range_edges': True, 'long_range_stride': 10, 'long_range_hops': 1, 'use_global_node': True, 'num_classes': 1, 'aggregator_type': 'mean', 'diffusion_steps': 3, 'num_attention_types': 3}, 'training': {'epochs': 2, 'batch_size': 16, 'learning_rate': 0.001, 'weight_decay': 0.0001, 'gradient_clip_norm': 1.0, 'scheduler': 'cosine', 'warmup_epochs': 1, 'min_lr': 1e-05, 'early_stopping': False, 'patience': 5, 'min_delta': 0.0, 'validation_split': 0.2, 'validation_interval': 1, 'save_interval': 1, 'save_best_only': False, 'checkpoint_dir': 'mini_ghtrans/checkpoints', 'log_interval': 1}, 'data': {'train_csv_path': 'mini_ghtrans/mini_data/train.mini.multi.csv', 'test_csv_path': 'mini_ghtrans/mini_data/test.mini.multi.csv', 'val_csv_path': None, 'max_seq_len': 64, 'graph_strategy': 'distance', 'augmentation': False, 'cache_graphs': True, 'cache_dir': 'mini_ghtrans/cache/graph_data', 'rebuild_cache': False, 'cache_full_graphs': False, 'augmentation_prob': 0.0, 'max_augmentation_trials': 0, 'num_workers': 0, 'pin_memory': False, 'drop_last': False, 'use_class_weights': False, 'focal_loss_alpha': 0.25, 'focal_loss_gamma': 2.0}, 'loss': {'main_loss': 'binary_cross_entropy', 'use_auxiliary_losses': False, 'auxiliary_loss_weights': {'focal': 0.5, 'dice': 0.3, 'l2_regularization': 0.1}, 'handle_imbalance': False, 'imbalance_strategy': 'weighted', 'pos_weight': None}, 'optimizer': {'type': 'adamw', 'betas': [0.9, 0.999], 'eps': '1e-8', 'momentum': 0.9, 'nesterov': True, 'step_size': 30, 'gamma': 0.1, 't_max': 100, 'eta_min': 0.0}, 'evaluation': {'metrics': ['accuracy', 'precision', 'recall', 'f1', 'auc', 'hamming_loss'], 'threshold': 0.5, 'threshold_strategy': 'fixed', 'eval_interval': 1, 'test_time_augmentation': False, 'ensemble_predictions': False, 'num_ensemble_models': 1}, 'device': {'auto_detect': True, 'device_type': 'cpu', 'gpu_id': 0, 'use_amp': False, 'amp_backend': 'native'}, 'logging': {'level': 'INFO', 'log_dir': 'mini_ghtrans/logs', 'log_file': 'training.log', 'use_tensorboard': False, 'tensorboard_log_dir': 'mini_ghtrans/tensorboard', 'log_interval': 1, 'save_graph_interval': 1}, 'experiment': {'name': 'mini_ghtrans_debug', 'version': 'v1.0', 'description': 'mini_ghtrans minimal end-to-end validation with detailed timing logs', 'seed': 42, 'deterministic': False, 'benchmark': False}, 'advanced': {'use_ensemble': False, 'ensemble_methods': ['voting', 'averaging', 'stacking'], 'hyperparameter_search': False, 'search_method': 'grid', 'distributed': False, 'backend': 'nccl', 'quantization': False, 'quantization_method': 'dynamic', 'distillation': False, 'teacher_model_path': None, 'distillation_alpha': 0.5, 'distillation_temperature': 4.0}, 'performance': {'gradient_checkpointing': False, 'use_efficient_attention': False, 'max_memory_usage': '4GB', 'compile_model': False, 'use_torch_compile': False, 'prefetch_factor': 2, 'persistent_workers': False}, 'debug': {'debug_mode': True, 'check_gradients': False, 'check_nan_inf': False, 'save_attention_weights': False, 'save_graph_structures': False, 'visualize_predictions': False, 'profile_memory': False, 'profile_time': True}}
2026-03-18 14:35:36,931 - graph_transform - INFO - Using CPU device
2026-03-18 14:35:36,931 - graph_transform - INFO - Using device: cpu
2026-03-18 14:35:36,942 - graph_transform - INFO - Created model with 419089 parameters
2026-03-18 14:35:37,010 - graph_transform - INFO - Dataset creation time: 0.0708s
2026-03-18 14:35:37,010 - graph_transform - INFO - Dataset Statistics:
2026-03-18 14:35:37,010 - graph_transform - INFO - Training samples: 51
2026-03-18 14:35:37,010 - graph_transform - INFO - Validation samples: 13
2026-03-18 14:35:37,010 - graph_transform - INFO - Test samples: 20
2026-03-18 14:35:37,010 - graph_transform - INFO - Dataloader creation time: 0.0003s
2026-03-18 14:35:37,010 - graph_transform - INFO - Dataloader params - batch_size: 16, num_workers: 0, pin_memory: False, drop_last: False
2026-03-18 14:35:37,010 - graph_transform - INFO - Training samples: 51
2026-03-18 14:35:37,010 - graph_transform - INFO - Validation samples: 13
2026-03-18 14:35:37,010 - graph_transform - INFO - Test samples: 20
2026-03-18 14:35:39,508 - graph_transform - INFO - Starting training loop...
2026-03-18 14:35:39,509 - graph_transform - INFO - Checkpoint dir: mini_ghtrans/checkpoints\20260318_143539
2026-03-18 14:35:39,509 - graph_transform - INFO - Epoch 1/2
2026-03-18 14:35:40,065 - graph_transform - INFO - Epoch 1 Batch 0 Timing - fetch_wait: 0.0071s, move: 0.0000s, forward: 0.2779s, backward+opt: 0.2699s, total: 0.5479s, loss: 0.8202
2026-03-18 14:35:40,582 - graph_transform - INFO - Epoch 1 Batch 1 Timing - fetch_wait: 0.0094s, move: 0.0000s, forward: 0.2698s, backward+opt: 0.2420s, total: 0.5118s, loss: 0.8089
2026-03-18 14:35:41,138 - graph_transform - INFO - Epoch 1 Batch 2 Timing - fetch_wait: 0.0103s, move: 0.0000s, forward: 0.2691s, backward+opt: 0.2759s, total: 0.5451s, loss: 0.8134
2026-03-18 14:35:41,244 - graph_transform - INFO - Epoch 1 Batch 3 Timing - fetch_wait: 0.0047s, move: 0.0000s, forward: 0.0539s, backward+opt: 0.0458s, total: 0.0997s, loss: 0.7816
2026-03-18 14:35:41,279 - graph_transform - INFO - Epoch 1 Training - Loss: 0.8060, AvgBatch: 0.4261s, Move: 0.0000s, Forward: 0.2177s, Backward: 0.2084s
2026-03-18 14:35:41,279 - graph_transform - INFO - Epoch 1 Training Metrics - accuracy: 0.4895, precision: 0.4992, recall: 0.4992, f1: 0.4880, precision_micro: 0.4895, recall_micro: 0.4895, f1_micro: 0.4895, hamming_loss: 0.5105, jaccard: 0.3232, auc_macro: 0.5110, auc_micro: 0.5110, auc_weighted: 0.5110, class_0_precision: 0.5463, class_0_recall: 0.3971, class_0_f1: 0.4599, avg_move_time: 0.0000, avg_forward_time: 0.2177, avg_backward_time: 0.2084, avg_batch_time: 0.4261
2026-03-18 14:35:41,280 - graph_transform - INFO - Train - Loss: 0.8060, F1: 0.4880
2026-03-18 14:35:41,458 - graph_transform - INFO - Evaluation - Loss: 0.7081
2026-03-18 14:35:41,459 - graph_transform - INFO - Evaluation Metrics - accuracy: 0.6068, precision: 0.3034, recall: 0.5000, f1: 0.3777, precision_micro: 0.6068, recall_micro: 0.6068, f1_micro: 0.6068, hamming_loss: 0.3932, jaccard: 0.3034, auc_macro: 0.4466, auc_micro: 0.4466, auc_weighted: 0.4466, class_0_precision: 0.0000, class_0_recall: 0.0000, class_0_f1: 0.0000
2026-03-18 14:35:41,460 - graph_transform - INFO - Val - Loss: 0.7081, F1: 0.3777
2026-03-18 14:35:41,513 - graph_transform - INFO - Saved best model with F1: 0.3777
2026-03-18 14:35:41,537 - graph_transform - INFO - Saved checkpoint at epoch 1
2026-03-18 14:35:41,537 - graph_transform - INFO - Epoch 1 wall time: 2.0281s
2026-03-18 14:35:41,538 - graph_transform - INFO - Epoch 2/2
2026-03-18 14:35:42,078 - graph_transform - INFO - Epoch 2 Batch 0 Timing - fetch_wait: 0.0065s, move: 0.0000s, forward: 0.2671s, backward+opt: 0.2662s, total: 0.5334s, loss: 0.8558
2026-03-18 14:35:42,615 - graph_transform - INFO - Epoch 2 Batch 1 Timing - fetch_wait: 0.0140s, move: 0.0000s, forward: 0.2684s, backward+opt: 0.2549s, total: 0.5233s, loss: 0.8885
2026-03-18 14:35:43,140 - graph_transform - INFO - Epoch 2 Batch 2 Timing - fetch_wait: 0.0108s, move: 0.0000s, forward: 0.2674s, backward+opt: 0.2463s, total: 0.5137s, loss: 1.1624
2026-03-18 14:35:43,225 - graph_transform - INFO - Epoch 2 Batch 3 Timing - fetch_wait: 0.0104s, move: 0.0000s, forward: 0.0367s, backward+opt: 0.0383s, total: 0.0750s, loss: 1.1778
2026-03-18 14:35:43,256 - graph_transform - INFO - Epoch 2 Training - Loss: 1.0211, AvgBatch: 0.4113s, Move: 0.0000s, Forward: 0.2099s, Backward: 0.2014s
2026-03-18 14:35:43,256 - graph_transform - INFO - Epoch 2 Training Metrics - accuracy: 0.5004, precision: 0.4652, recall: 0.4749, f1: 0.4457, precision_micro: 0.5004, recall_micro: 0.5004, f1_micro: 0.5004, hamming_loss: 0.4996, jaccard: 0.3031, auc_macro: 0.4466, auc_micro: 0.4466, auc_weighted: 0.4466, class_0_precision: 0.5311, class_0_recall: 0.7441, class_0_f1: 0.6198, avg_move_time: 0.0000, avg_forward_time: 0.2099, avg_backward_time: 0.2014, avg_batch_time: 0.4113
2026-03-18 14:35:43,257 - graph_transform - INFO - Train - Loss: 1.0211, F1: 0.4457
2026-03-18 14:35:43,431 - graph_transform - INFO - Evaluation - Loss: 1.8484
2026-03-18 14:35:43,431 - graph_transform - INFO - Evaluation Metrics - accuracy: 0.3932, precision: 0.1966, recall: 0.5000, f1: 0.2822, precision_micro: 0.3932, recall_micro: 0.3932, f1_micro: 0.3932, hamming_loss: 0.6068, jaccard: 0.1966, auc_macro: 0.5561, auc_micro: 0.5561, auc_weighted: 0.5561, class_0_precision: 0.3932, class_0_recall: 1.0000, class_0_f1: 0.5644
2026-03-18 14:35:43,434 - graph_transform - INFO - Val - Loss: 1.8484, F1: 0.2822
2026-03-18 14:35:43,434 - graph_transform - INFO - No improvement for 1 epoch(s)
2026-03-18 14:35:43,461 - graph_transform - INFO - Saved checkpoint at epoch 2
2026-03-18 14:35:43,461 - graph_transform - INFO - Epoch 2 wall time: 1.9242s
2026-03-18 14:35:43,461 - graph_transform - INFO - Starting final evaluation on test set...
2026-03-18 14:35:43,731 - graph_transform - INFO - Evaluation - Loss: 0.7063
2026-03-18 14:35:43,731 - graph_transform - INFO - Evaluation Metrics - accuracy: 0.6986, precision: 0.3493, recall: 0.5000, f1: 0.4113, precision_micro: 0.6986, recall_micro: 0.6986, f1_micro: 0.6986, hamming_loss: 0.3014, jaccard: 0.3493, auc_macro: 0.5221, auc_micro: 0.5221, auc_weighted: 0.5221, class_0_precision: 0.6986, class_0_recall: 1.0000, class_0_f1: 0.8225
2026-03-18 14:35:43,732 - graph_transform - INFO - Test - Loss: 0.7063, F1: 0.4113
2026-03-18 14:35:43,733 - graph_transform - INFO - Training completed in 6.8011s
